
===================================================
|				  NIVLang Logo     				    |
===================================================
NNNNNNNN        NNNNNNNNVVVVVVVV           VVVVVVVV
N:::::::N       N::::::NV::::::V           V::::::V
N::::::::N      N::::::NV::::::V           V::::::V
N:::::::::N     N::::::NV::::::V           V::::::V
N::::::::::N    N::::::N V:::::V           V:::::V 
N:::::::::::N   N::::::N  V:::::V         V:::::V	 
N:::::::N::::N  N::::::N   V:::::V       V:::::V	 
N::::::N N::::N N::::::N    V:::::V     V:::::V	 
N::::::N  N::::N:::::::N     V:::::V   V:::::V  	 
N::::::N   N:::::::::::N      V:::::V V:::::V		 
N::::::N    N::::::::::N       V:::::V:::::V		 
N::::::N     N:::::::::N        V:::::::::V		 
N::::::N      N::::::::N         V:::::::V	 	 
N::::::N       N:::::::N          V:::::V			 
N::::::N        N::::::N           V:::V			 
NNNNNNNN         NNNNNNN            VVV			 
===================================================
|	Lightweight & Fast			  |					 
===================================================
[Option '1': Starting READER .....]

Enter the name of the file to read fromReading file HELLO.nl ....Please wait

Printing buffer parameters:

The capacity of the buffer is:  100
The current size of the buffer is:  0
The operational mode of the buffer is: m
The increment factor of the buffer is:  10
The first symbol in the buffer is:   
The value of the flags field are:
isEmpty: 1
isFull: 0
isRead: 0
isMoved: 0
Reader statistics : 

Number of errors: 0
Checksum: 00

Printing buffer contents:

Empty buffer
